生成启动时间为 2016/12/24 9:38:55。
     1>项目“E:\课程\CAGD\Project2\Bezier_curve\Bezier_curve\Bezier_curve.vcxproj”在节点 2 上(build 个目标)。
     1>InitializeBuildStatus:
         正在创建“Debug\Bezier_curve.unsuccessfulbuild”，因为已指定“AlwaysCreate”。
       CustomBuild:
         所有输出均为最新。
       ClCompile:
         D:\Visual Studio 2010\VC\bin\CL.exe /c /I.\GeneratedFiles /I. /ID:\Qt\5.5\msvc2010\include /I.\GeneratedFiles\Debug /ID:\Qt\5.5\msvc2010\include\QtCore /ID:\Qt\5.5\msvc2010\include\QtGui /ID:\Qt\5.5\msvc2010\include\QtWidgets /Zi /nologo /W1 /WX- /Od /Oy- /D UNICODE /D WIN32 /D WIN64 /D QT_DLL /D QT_CORE_LIB /D QT_GUI_LIB /D QT_WIDGETS_LIB /Gm- /EHsc /MDd /GS /fp:precise /Zc:wchar_t /Zc:forScope /Fo"Debug\\" /Fd"Debug\vc100.pdb" /Gd /TP /analyze- /errorReport:prompt GeneratedFiles\Debug\moc_mainwindow.cpp main.cpp mainwindow.cpp
         moc_mainwindow.cpp
         main.cpp
         mainwindow.cpp
         正在生成代码...
         D:\Visual Studio 2010\VC\bin\CL.exe /c /I.\GeneratedFiles /I. /ID:\Qt\5.5\msvc2010\include /I.\GeneratedFiles\Debug /ID:\Qt\5.5\msvc2010\include\QtCore /ID:\Qt\5.5\msvc2010\include\QtGui /ID:\Qt\5.5\msvc2010\include\QtWidgets /Zi /nologo /W1 /WX- /Od /Oy- /D UNICODE /D WIN32 /D WIN64 /D QT_DLL /D QT_CORE_LIB /D QT_GUI_LIB /D QT_WIDGETS_LIB /Gm- /EHsc /MDd /GS /fp:precise /Zc:wchar_t /Zc:forScope /Fo"Debug\\" /Fd"Debug\vc100.pdb" /Gd /TP /analyze- /errorReport:prompt GeneratedFiles\qrc_images.cpp GeneratedFiles\qrc_mainwindow.cpp
         qrc_images.cpp
         qrc_mainwindow.cpp
         正在生成代码...
       Link:
         D:\Visual Studio 2010\VC\bin\link.exe /ERRORREPORT:PROMPT /OUT:"E:\课程\CAGD\Project2\Bezier_curve\Win32\Debug\\Bezier_curve.exe" /NOLOGO /LIBPATH:D:\Qt\5.5\msvc2010\lib qtmaind.lib Qt5Cored.lib Qt5Guid.lib Qt5Widgetsd.lib kernel32.lib user32.lib gdi32.lib winspool.lib comdlg32.lib advapi32.lib shell32.lib ole32.lib oleaut32.lib uuid.lib odbc32.lib odbccp32.lib /MANIFEST /ManifestFile:"Debug\Bezier_curve.exe.intermediate.manifest" /MANIFESTUAC:"level='asInvoker' uiAccess='false'" /DEBUG /PDB:"E:\课程\CAGD\Project2\Bezier_curve\Win32\Debug\Bezier_curve.pdb" /SUBSYSTEM:WINDOWS /TLBID:1 /DYNAMICBASE /NXCOMPAT /IMPLIB:"E:\课程\CAGD\Project2\Bezier_curve\Win32\Debug\Bezier_curve.lib" /MACHINE:X86 Debug\Bezier.obj
         Debug\moc_mainwindow.obj
         Debug\moc_viewwidget.obj
         Debug\qrc_images.obj
         Debug\qrc_mainwindow.obj
         Debug\main.obj
         Debug\mainwindow.obj
         Debug\viewwidget.obj
         LINK : 没有找到 E:\课程\CAGD\Project2\Bezier_curve\Win32\Debug\\Bezier_curve.exe 或上一个增量链接没有生成它；正在执行完全链接
         Bezier_curve.vcxproj -> E:\课程\CAGD\Project2\Bezier_curve\Win32\Debug\Bezier_curve.exe
       Manifest:
         C:\Program Files (x86)\Microsoft SDKs\Windows\v7.0A\bin\mt.exe /nologo /verbose /outputresource:"E:\课程\CAGD\Project2\Bezier_curve\Win32\Debug\\Bezier_curve.exe;#1" /manifest Debug\Bezier_curve.exe.intermediate.manifest
       FinalizeBuildStatus:
         正在删除文件“Debug\Bezier_curve.unsuccessfulbuild”。
         正在对“Debug\Bezier_curve.lastbuildstate”执行 Touch 任务。
     1>已完成生成项目“E:\课程\CAGD\Project2\Bezier_curve\Bezier_curve\Bezier_curve.vcxproj”(build 个目标)的操作。

生成成功。

已用时间 00:00:12.14
