生成启动时间为 2016/12/24 9:38:28。
     1>项目“E:\课程\CAGD\Project2\Bezier_curve\Bezier_curve\Bezier_curve.vcxproj”在节点 2 上(build 个目标)。
     1>InitializeBuildStatus:
         正在创建“Release\Bezier_curve.unsuccessfulbuild”，因为已指定“AlwaysCreate”。
       CustomBuild:
         Moc'ing mainwindow.h...
         Uic'ing mainwindow.ui...
         Moc'ing viewwidget.h...
         Rcc'ing mainwindow.qrc...
     1>RCC : warning : No resources in 'E:\璇剧▼\CAGD\Project2\Bezier_curve\Bezier_curve\mainwindow.qrc'.
         
         Rcc'ing images.qrc...
         Uic'ing dialog.ui...
       ClCompile:
         D:\Visual Studio 2010\VC\bin\CL.exe /c /I.\GeneratedFiles /I. /ID:\Qt\5.5\msvc2010\include /I.\GeneratedFiles\Release /ID:\Qt\5.5\msvc2010\include\QtCore /ID:\Qt\5.5\msvc2010\include\QtGui /ID:\Qt\5.5\msvc2010\include\QtWidgets /nologo /W1 /WX- /O2 /Oy- /D UNICODE /D WIN32 /D WIN64 /D QT_DLL /D QT_NO_DEBUG /D NDEBUG /D QT_CORE_LIB /D QT_GUI_LIB /D QT_WIDGETS_LIB /Gm- /EHsc /MD /GS /fp:precise /Zc:wchar_t /Zc:forScope /Fo"Release\\" /Fd"Release\vc100.pdb" /Gd /TP /analyze- /errorReport:prompt Bezier.cpp GeneratedFiles\Release\moc_mainwindow.cpp GeneratedFiles\Release\moc_viewwidget.cpp main.cpp mainwindow.cpp viewwidget.cpp
         Bezier.cpp
         moc_mainwindow.cpp
         moc_viewwidget.cpp
         main.cpp
         mainwindow.cpp
         viewwidget.cpp
         正在生成代码...
         D:\Visual Studio 2010\VC\bin\CL.exe /c /I.\GeneratedFiles /I. /ID:\Qt\5.5\msvc2010\include /I.\GeneratedFiles\Release /ID:\Qt\5.5\msvc2010\include\QtCore /ID:\Qt\5.5\msvc2010\include\QtGui /ID:\Qt\5.5\msvc2010\include\QtWidgets /nologo /W1 /WX- /O2 /Oy- /D UNICODE /D WIN32 /D WIN64 /D QT_DLL /D QT_NO_DEBUG /D NDEBUG /D QT_CORE_LIB /D QT_GUI_LIB /D QT_WIDGETS_LIB /Gm- /EHsc /MD /GS /fp:precise /Zc:wchar_t /Zc:forScope /Fo"Release\\" /Fd"Release\vc100.pdb" /Gd /TP /analyze- /errorReport:prompt GeneratedFiles\qrc_images.cpp GeneratedFiles\qrc_mainwindow.cpp
         qrc_images.cpp
         qrc_mainwindow.cpp
         正在生成代码...
       Link:
         D:\Visual Studio 2010\VC\bin\link.exe /ERRORREPORT:PROMPT /OUT:"E:\课程\CAGD\Project2\Bezier_curve\Win32\Release\\Bezier_curve.exe" /NOLOGO /LIBPATH:D:\Qt\5.5\msvc2010\lib qtmain.lib Qt5Core.lib Qt5Gui.lib Qt5Widgets.lib kernel32.lib user32.lib gdi32.lib winspool.lib comdlg32.lib advapi32.lib shell32.lib ole32.lib oleaut32.lib uuid.lib odbc32.lib odbccp32.lib /MANIFEST /ManifestFile:"Release\Bezier_curve.exe.intermediate.manifest" /MANIFESTUAC:"level='asInvoker' uiAccess='false'" /PDB:"E:\课程\CAGD\Project2\Bezier_curve\Win32\Release\Bezier_curve.pdb" /SUBSYSTEM:WINDOWS /TLBID:1 /DYNAMICBASE /NXCOMPAT /IMPLIB:"E:\课程\CAGD\Project2\Bezier_curve\Win32\Release\Bezier_curve.lib" /MACHINE:X86 Release\Bezier.obj
         Release\qrc_images.obj
         Release\qrc_mainwindow.obj
         Release\moc_mainwindow.obj
         Release\moc_viewwidget.obj
         Release\main.obj
         Release\mainwindow.obj
         Release\viewwidget.obj
         Bezier_curve.vcxproj -> E:\课程\CAGD\Project2\Bezier_curve\Win32\Release\Bezier_curve.exe
       Manifest:
         C:\Program Files (x86)\Microsoft SDKs\Windows\v7.0A\bin\mt.exe /nologo /verbose /outputresource:"E:\课程\CAGD\Project2\Bezier_curve\Win32\Release\\Bezier_curve.exe;#1" /manifest Release\Bezier_curve.exe.intermediate.manifest
       FinalizeBuildStatus:
         正在删除文件“Release\Bezier_curve.unsuccessfulbuild”。
         正在对“Release\Bezier_curve.lastbuildstate”执行 Touch 任务。
     1>已完成生成项目“E:\课程\CAGD\Project2\Bezier_curve\Bezier_curve\Bezier_curve.vcxproj”(build 个目标)的操作。

生成成功。

已用时间 00:00:18.61
